<testsuites id="" name="" tests="14" failures="3" skipped="0" errors="0" time="126.44527599999999">
<testsuite name="setup/auth.setup.spec.ts" timestamp="2025-11-10T00:27:42.839Z" hostname="setup" tests="1" failures="0" skipped="0" time="1.728" errors="0">
<testcase name="login y guarda sesión" classname="setup/auth.setup.spec.ts" time="1.728">
</testcase>
</testsuite>
<testsuite name="setup/auth.setup.spec.ts" timestamp="2025-11-10T00:27:42.839Z" hostname="chromium" tests="1" failures="0" skipped="0" time="3.062" errors="0">
<testcase name="login y guarda sesión" classname="setup/auth.setup.spec.ts" time="3.062">
</testcase>
</testsuite>
<testsuite name="ui/terceros-crear-oa.spec.ts" timestamp="2025-11-10T00:27:42.839Z" hostname="chromium" tests="12" failures="3" skipped="0" time="98.892" errors="0">
<testcase name="Third-parties &gt; Create third party (Taguchi L12) – sin VAT › [1/12] L12 run" classname="ui/terceros-crear-oa.spec.ts" time="3.26">
<properties>
<property name="observation" value="Saved?=true | EmailInvalid=false | Country=EU | NameLong=false | Duplicate=false">
</property>
</properties>
</testcase>
<testcase name="Third-parties &gt; Create third party (Taguchi L12) – sin VAT › [2/12] L12 run" classname="ui/terceros-crear-oa.spec.ts" time="3.206">
<properties>
<property name="observation" value="Saved?=true | EmailInvalid=true | Country=NonEU | NameLong=true | Duplicate=true">
</property>
</properties>
</testcase>
<testcase name="Third-parties &gt; Create third party (Taguchi L12) – sin VAT › [3/12] L12 run" classname="ui/terceros-crear-oa.spec.ts" time="3.197">
<properties>
<property name="observation" value="Saved?=true | EmailInvalid=false | Country=NonEU | NameLong=true | Duplicate=true">
</property>
</properties>
</testcase>
<testcase name="Third-parties &gt; Create third party (Taguchi L12) – sin VAT › [4/12] L12 run" classname="ui/terceros-crear-oa.spec.ts" time="3.33">
<properties>
<property name="observation" value="Saved?=true | EmailInvalid=false | Country=NonEU | NameLong=true | Duplicate=true">
</property>
</properties>
</testcase>
<testcase name="Third-parties &gt; Create third party (Taguchi L12) – sin VAT › [5/12] L12 run" classname="ui/terceros-crear-oa.spec.ts" time="3.081">
<properties>
<property name="observation" value="Saved?=true | EmailInvalid=true | Country=NonEU | NameLong=true | Duplicate=true">
</property>
</properties>
</testcase>
<testcase name="Third-parties &gt; Create third party (Taguchi L12) – sin VAT › [6/12] L12 run" classname="ui/terceros-crear-oa.spec.ts" time="33.128">
<failure message="terceros-crear-oa.spec.ts:179:5 [6/12] L12 run" type="FAILURE">
<![CDATA[  [chromium] › ui/terceros-crear-oa.spec.ts:179:5 › Third-parties > Create third party (Taguchi L12) – sin VAT › [6/12] L12 run 

    Error: expect(locator).toBeVisible() failed

    Locator: getByText('QA-TG-1762734488827-5')
    Expected: visible
    Timeout: 30000ms
    Error: element(s) not found

    Call log:
      - Expect "toBeVisible" with timeout 30000ms
      - waiting for getByText('QA-TG-1762734488827-5')


      245 |         expect(stillOnForm, 'El formulario no debería quedarse en modo creación').toBeFalsy();
      246 |         if (!row.Duplicate) {
    > 247 |           await expect(page.getByText(valueToFill, { exact: false })).toBeVisible({ timeout: 30_000 });
          |                                                                       ^
      248 |         }
      249 |       }
      250 |
        at /work/tests/ui/terceros-crear-oa.spec.ts:247:71

    attachment #1: screenshot (image/png) ──────────────────────────────────────────────────────────
    ../test-results/ui-terceros-crear-oa-Third-44f33--L12-–-sin-VAT-6-12-L12-run-chromium/test-failed-1.png
    ────────────────────────────────────────────────────────────────────────────────────────────────

    attachment #2: video (video/webm) ──────────────────────────────────────────────────────────────
    ../test-results/ui-terceros-crear-oa-Third-44f33--L12-–-sin-VAT-6-12-L12-run-chromium/video.webm
    ────────────────────────────────────────────────────────────────────────────────────────────────

    Error Context: ../test-results/ui-terceros-crear-oa-Third-44f33--L12-–-sin-VAT-6-12-L12-run-chromium/error-context.md
]]>
</failure>
<system-out>
<![CDATA[
[[ATTACHMENT|../../test-results/ui-terceros-crear-oa-Third-44f33--L12-–-sin-VAT-6-12-L12-run-chromium/test-failed-1.png]]

[[ATTACHMENT|../../test-results/ui-terceros-crear-oa-Third-44f33--L12-–-sin-VAT-6-12-L12-run-chromium/video.webm]]

[[ATTACHMENT|../../test-results/ui-terceros-crear-oa-Third-44f33--L12-–-sin-VAT-6-12-L12-run-chromium/error-context.md]]
]]>
</system-out>
</testcase>
<testcase name="Third-parties &gt; Create third party (Taguchi L12) – sin VAT › [7/12] L12 run" classname="ui/terceros-crear-oa.spec.ts" time="2.973">
<failure message="terceros-crear-oa.spec.ts:179:5 [7/12] L12 run" type="FAILURE">
<![CDATA[  [chromium] › ui/terceros-crear-oa.spec.ts:179:5 › Third-parties > Create third party (Taguchi L12) – sin VAT › [7/12] L12 run 

    Error: expect(locator).toBeVisible() failed

    Locator: getByText('XXXXXXXXXXXXXXXXXXXXXXXXXXXXXXXXXXXXXXXXXXXXXXXXXXXXXXXXXXXXXXXXXXXXXXXXXXXXXXXXXXXXXXXXXXXXXXXXXXXXXXXXXXXXXXXXXXXXXXXXXXXXXXXX')
    Expected: visible
    Error: strict mode violation: getByText('XXXXXXXXXXXXXXXXXXXXXXXXXXXXXXXXXXXXXXXXXXXXXXXXXXXXXXXXXXXXXXXXXXXXXXXXXXXXXXXXXXXXXXXXXXXXXXXXXXXXXXXXXXXXXXXXXXXXXXXXXXXXXXXX') resolved to 2 elements:
        1) <option value="6" data-html="XXXXXXXXXXXXXXXXXXXXXXXXXXXXXXXXXXXXXXXXXXXXXXXXXXXXXXXXXXXXXXXXXXXXXXXXXXXXXXXXXXXXXXXXXXXXXXXXXXXXXXXXXXXXXXXXXXXXXXXXXXXXXXXX (Alias 1762734108619-7)">XXXXXXXXXXXXXXXXXXXXXXXXXXXXXXXXXXXXXXXXXXXXXXXXX…</option> aka locator('#parent_company_id')
        2) <option value="24" data-html="XXXXXXXXXXXXXXXXXXXXXXXXXXXXXXXXXXXXXXXXXXXXXXXXXXXXXXXXXXXXXXXXXXXXXXXXXXXXXXXXXXXXXXXXXXXXXXXXXXXXXXXXXXXXXXXXXXXXXXXXXXXXXXXX (Alias 1762734253685-7)">XXXXXXXXXXXXXXXXXXXXXXXXXXXXXXXXXXXXXXXXXXXXXXXXX…</option> aka locator('#parent_company_id')

    Call log:
      - Expect "toBeVisible" with timeout 30000ms
      - waiting for getByText('XXXXXXXXXXXXXXXXXXXXXXXXXXXXXXXXXXXXXXXXXXXXXXXXXXXXXXXXXXXXXXXXXXXXXXXXXXXXXXXXXXXXXXXXXXXXXXXXXXXXXXXXXXXXXXXXXXXXXXXXXXXXXXXX')


      245 |         expect(stillOnForm, 'El formulario no debería quedarse en modo creación').toBeFalsy();
      246 |         if (!row.Duplicate) {
    > 247 |           await expect(page.getByText(valueToFill, { exact: false })).toBeVisible({ timeout: 30_000 });
          |                                                                       ^
      248 |         }
      249 |       }
      250 |
        at /work/tests/ui/terceros-crear-oa.spec.ts:247:71

    attachment #1: screenshot (image/png) ──────────────────────────────────────────────────────────
    ../test-results/ui-terceros-crear-oa-Third-85fe6--L12-–-sin-VAT-7-12-L12-run-chromium/test-failed-1.png
    ────────────────────────────────────────────────────────────────────────────────────────────────

    attachment #2: video (video/webm) ──────────────────────────────────────────────────────────────
    ../test-results/ui-terceros-crear-oa-Third-85fe6--L12-–-sin-VAT-7-12-L12-run-chromium/video.webm
    ────────────────────────────────────────────────────────────────────────────────────────────────

    Error Context: ../test-results/ui-terceros-crear-oa-Third-85fe6--L12-–-sin-VAT-7-12-L12-run-chromium/error-context.md
]]>
</failure>
<system-out>
<![CDATA[
[[ATTACHMENT|../../test-results/ui-terceros-crear-oa-Third-85fe6--L12-–-sin-VAT-7-12-L12-run-chromium/test-failed-1.png]]

[[ATTACHMENT|../../test-results/ui-terceros-crear-oa-Third-85fe6--L12-–-sin-VAT-7-12-L12-run-chromium/video.webm]]

[[ATTACHMENT|../../test-results/ui-terceros-crear-oa-Third-85fe6--L12-–-sin-VAT-7-12-L12-run-chromium/error-context.md]]
]]>
</system-out>
</testcase>
<testcase name="Third-parties &gt; Create third party (Taguchi L12) – sin VAT › [8/12] L12 run" classname="ui/terceros-crear-oa.spec.ts" time="2.8">
<properties>
<property name="observation" value="Saved?=true | EmailInvalid=false | Country=EU | NameLong=true | Duplicate=false">
</property>
</properties>
</testcase>
<testcase name="Third-parties &gt; Create third party (Taguchi L12) – sin VAT › [9/12] L12 run" classname="ui/terceros-crear-oa.spec.ts" time="33.445">
<failure message="terceros-crear-oa.spec.ts:179:5 [9/12] L12 run" type="FAILURE">
<![CDATA[  [chromium] › ui/terceros-crear-oa.spec.ts:179:5 › Third-parties > Create third party (Taguchi L12) – sin VAT › [9/12] L12 run 

    Error: expect(locator).toBeVisible() failed

    Locator: getByText('QA-TG-1762734539402-8')
    Expected: visible
    Timeout: 30000ms
    Error: element(s) not found

    Call log:
      - Expect "toBeVisible" with timeout 30000ms
      - waiting for getByText('QA-TG-1762734539402-8')


      245 |         expect(stillOnForm, 'El formulario no debería quedarse en modo creación').toBeFalsy();
      246 |         if (!row.Duplicate) {
    > 247 |           await expect(page.getByText(valueToFill, { exact: false })).toBeVisible({ timeout: 30_000 });
          |                                                                       ^
      248 |         }
      249 |       }
      250 |
        at /work/tests/ui/terceros-crear-oa.spec.ts:247:71

    attachment #1: screenshot (image/png) ──────────────────────────────────────────────────────────
    ../test-results/ui-terceros-crear-oa-Third-2670d--L12-–-sin-VAT-9-12-L12-run-chromium/test-failed-1.png
    ────────────────────────────────────────────────────────────────────────────────────────────────

    attachment #2: video (video/webm) ──────────────────────────────────────────────────────────────
    ../test-results/ui-terceros-crear-oa-Third-2670d--L12-–-sin-VAT-9-12-L12-run-chromium/video.webm
    ────────────────────────────────────────────────────────────────────────────────────────────────

    Error Context: ../test-results/ui-terceros-crear-oa-Third-2670d--L12-–-sin-VAT-9-12-L12-run-chromium/error-context.md
]]>
</failure>
<system-out>
<![CDATA[
[[ATTACHMENT|../../test-results/ui-terceros-crear-oa-Third-2670d--L12-–-sin-VAT-9-12-L12-run-chromium/test-failed-1.png]]

[[ATTACHMENT|../../test-results/ui-terceros-crear-oa-Third-2670d--L12-–-sin-VAT-9-12-L12-run-chromium/video.webm]]

[[ATTACHMENT|../../test-results/ui-terceros-crear-oa-Third-2670d--L12-–-sin-VAT-9-12-L12-run-chromium/error-context.md]]
]]>
</system-out>
</testcase>
<testcase name="Third-parties &gt; Create third party (Taguchi L12) – sin VAT › [10/12] L12 run" classname="ui/terceros-crear-oa.spec.ts" time="3.681">
<properties>
<property name="observation" value="Saved?=true | EmailInvalid=true | Country=EU | NameLong=true | Duplicate=true">
</property>
</properties>
</testcase>
<testcase name="Third-parties &gt; Create third party (Taguchi L12) – sin VAT › [11/12] L12 run" classname="ui/terceros-crear-oa.spec.ts" time="3.799">
<properties>
<property name="observation" value="Saved?=true | EmailInvalid=false | Country=EU | NameLong=false | Duplicate=true">
</property>
</properties>
</testcase>
<testcase name="Third-parties &gt; Create third party (Taguchi L12) – sin VAT › [12/12] L12 run" classname="ui/terceros-crear-oa.spec.ts" time="2.992">
<properties>
<property name="observation" value="Saved?=true | EmailInvalid=false | Country=NonEU | NameLong=false | Duplicate=true">
</property>
</properties>
</testcase>
</testsuite>
</testsuites>